The system is: Windows - 10.0.19041 - AMD64
Compiling the C compiler identification source file "CMakeCCompilerId.c" succeeded.
Compiler: C:/Program Files (x86)/Microsoft Visual Studio/2019/Community/VC/Tools/MSVC/14.28.29910/bin/Hostx64/x64/cl.exe 
Build flags: 
Id flags:  

The output was:
0
Оптимизирующий компилятор Microsoft (R) C/C++ версии 19.28.29914 для x64
(C) Корпорация Майкрософт (Microsoft Corporation).  Все права защищены.

CMakeCCompilerId.c
Microsoft (R) Incremental Linker Version 14.28.29914.0
Copyright (C) Microsoft Corporation.  All rights reserved.

/out:CMakeCCompilerId.exe 
CMakeCCompilerId.obj 


Compilation of the C compiler identification source "CMakeCCompilerId.c" produced "CMakeCCompilerId.exe"

Compilation of the C compiler identification source "CMakeCCompilerId.c" produced "CMakeCCompilerId.obj"

The C compiler identification is MSVC, found in "C:/Users/mahafonova/Desktop/GL/untitled/cmake-build-debug/CMakeFiles/3.19.2/CompilerIdC/CMakeCCompilerId.exe"

Compiling the CXX compiler identification source file "CMakeCXXCompilerId.cpp" succeeded.
Compiler: C:/Program Files (x86)/Microsoft Visual Studio/2019/Community/VC/Tools/MSVC/14.28.29910/bin/Hostx64/x64/cl.exe 
Build flags: 
Id flags:  

The output was:
0
Оптимизирующий компилятор Microsoft (R) C/C++ версии 19.28.29914 для x64
(C) Корпорация Майкрософт (Microsoft Corporation).  Все права защищены.

CMakeCXXCompilerId.cpp
Microsoft (R) Incremental Linker Version 14.28.29914.0
Copyright (C) Microsoft Corporation.  All rights reserved.

/out:CMakeCXXCompilerId.exe 
CMakeCXXCompilerId.obj 


Compilation of the CXX compiler identification source "CMakeCXXCompilerId.cpp" produced "CMakeCXXCompilerId.exe"

Compilation of the CXX compiler identification source "CMakeCXXCompilerId.cpp" produced "CMakeCXXCompilerId.obj"

The CXX compiler identification is MSVC, found in "C:/Users/mahafonova/Desktop/GL/untitled/cmake-build-debug/CMakeFiles/3.19.2/CompilerIdCXX/CMakeCXXCompilerId.exe"

Detecting C compiler ABI info compiled with the following output:
Change Dir: C:/Users/mahafonova/Desktop/GL/untitled/cmake-build-debug/CMakeFiles/CMakeTmp

Run Build Command(s):nmake /nologo cmTC_c879a\fast && 	"C:\Program Files (x86)\Microsoft Visual Studio\2019\Community\VC\Tools\MSVC\14.28.29910\bin\HostX64\x64\nmake.exe"  -f CMakeFiles\cmTC_c879a.dir\build.make /nologo -L                  CMakeFiles\cmTC_c879a.dir\build
Building C object CMakeFiles/cmTC_c879a.dir/CMakeCCompilerABI.c.obj
	C:\PROGRA~2\MIB055~1\2019\COMMUN~1\VC\Tools\MSVC\1428~1.299\bin\Hostx64\x64\cl.exe @C:\Users\MAHAFO~1\AppData\Local\Temp\nm9914.tmp
CMakeCCompilerABI.c
Linking C executable cmTC_c879a.exe
	"C:\Program Files\JetBrains\CLion 2021.1\bin\cmake\win\bin\cmake.exe" -E vs_link_exe --intdir=CMakeFiles\cmTC_c879a.dir --rc=C:\PROGRA~2\WI3CF2~1\10\bin\100190~1.0\x64\rc.exe --mt=C:\PROGRA~2\WI3CF2~1\10\bin\100190~1.0\x64\mt.exe --manifests -- C:\PROGRA~2\MIB055~1\2019\COMMUN~1\VC\Tools\MSVC\1428~1.299\bin\Hostx64\x64\link.exe /nologo @CMakeFiles\cmTC_c879a.dir\objects1.rsp @C:\Users\MAHAFO~1\AppData\Local\Temp\nm99B2.tmp
	C:\Windows\System32\WindowsPowerShell\v1.0\powershell.exe -noprofile -executionpolicy Bypass -file C:/CLI/vcpkg/scripts/buildsystems/msbuild/applocal.ps1 -targetBinary C:/Users/mahafonova/Desktop/GL/untitled/cmake-build-debug/CMakeFiles/CMakeTmp/cmTC_c879a.exe -installedDir C:/CLI/vcpkg/installed/x64-windows/debug/bin -OutVariable out



Detecting CXX compiler ABI info compiled with the following output:
Change Dir: C:/Users/mahafonova/Desktop/GL/untitled/cmake-build-debug/CMakeFiles/CMakeTmp

Run Build Command(s):nmake /nologo cmTC_fdd89\fast && 	"C:\Program Files (x86)\Microsoft Visual Studio\2019\Community\VC\Tools\MSVC\14.28.29910\bin\HostX64\x64\nmake.exe"  -f CMakeFiles\cmTC_fdd89.dir\build.make /nologo -L                  CMakeFiles\cmTC_fdd89.dir\build
Building CXX object CMakeFiles/cmTC_fdd89.dir/CMakeCXXCompilerABI.cpp.obj
	C:\PROGRA~2\MIB055~1\2019\COMMUN~1\VC\Tools\MSVC\1428~1.299\bin\Hostx64\x64\cl.exe @C:\Users\MAHAFO~1\AppData\Local\Temp\nmA1A0.tmp
CMakeCXXCompilerABI.cpp
Linking CXX executable cmTC_fdd89.exe
	"C:\Program Files\JetBrains\CLion 2021.1\bin\cmake\win\bin\cmake.exe" -E vs_link_exe --intdir=CMakeFiles\cmTC_fdd89.dir --rc=C:\PROGRA~2\WI3CF2~1\10\bin\100190~1.0\x64\rc.exe --mt=C:\PROGRA~2\WI3CF2~1\10\bin\100190~1.0\x64\mt.exe --manifests -- C:\PROGRA~2\MIB055~1\2019\COMMUN~1\VC\Tools\MSVC\1428~1.299\bin\Hostx64\x64\link.exe /nologo @CMakeFiles\cmTC_fdd89.dir\objects1.rsp @C:\Users\MAHAFO~1\AppData\Local\Temp\nmA23D.tmp
	C:\Windows\System32\WindowsPowerShell\v1.0\powershell.exe -noprofile -executionpolicy Bypass -file C:/CLI/vcpkg/scripts/buildsystems/msbuild/applocal.ps1 -targetBinary C:/Users/mahafonova/Desktop/GL/untitled/cmake-build-debug/CMakeFiles/CMakeTmp/cmTC_fdd89.exe -installedDir C:/CLI/vcpkg/installed/x64-windows/debug/bin -OutVariable out



